[0.006s] Invoking command in '/home/admin/ros2_ws/build/aruco_marker_models_1': /usr/bin/cmake --build /home/admin/ros2_ws/build/aruco_marker_models_1 -- -j20 -l20
[0.024s] -- Found ament_cmake: 1.3.11 (/opt/ros/humble/share/ament_cmake/cmake)
[0.101s] -- Found urdf: 2.6.1 (/opt/ros/humble/share/urdf/cmake)
[0.120s] -- Found xacro: 2.0.13 (/opt/ros/humble/share/xacro/cmake)
[0.151s] Error parsing '/home/admin/ros2_ws/aruco_marker_models_1/package.xml':
[0.176s] Traceback (most recent call last):
[0.176s]   File "/opt/ros/humble/share/ament_cmake_core/cmake/core/package_xml_2_cmake.py", line 150, in <module>
[0.176s]     main()
[0.176s]   File "/opt/ros/humble/share/ament_cmake_core/cmake/core/package_xml_2_cmake.py", line 53, in main
[0.176s]     raise e
[0.176s]   File "/opt/ros/humble/share/ament_cmake_core/cmake/core/package_xml_2_cmake.py", line 49, in main
[0.176s]     package = parse_package_string(
[0.176s]   File "/usr/lib/python3/dist-packages/catkin_pkg/package.py", line 788, in parse_package_string
[0.176s]     pkg.validate(warnings=warnings)
[0.176s]   File "/usr/lib/python3/dist-packages/catkin_pkg/package.py", line 330, in validate
[0.176s]     raise InvalidPackage('\n'.join(errors), self.filename)
[0.176s] catkin_pkg.package.InvalidPackage: Error(s) in package '/home/admin/ros2_ws/aruco_marker_models_1/package.xml':
[0.176s] Invalid email "admin@alex-linux" for person "alex-linux"
[0.184s] [31mCMake Error at /opt/ros/humble/share/ament_cmake_core/cmake/core/ament_package_xml.cmake:95 (message):
[0.184s]   execute_process(/usr/bin/python3
[0.184s]   /opt/ros/humble/share/ament_cmake_core/cmake/core/package_xml_2_cmake.py
[0.184s]   /home/admin/ros2_ws/aruco_marker_models_1/package.xml
[0.184s]   /home/admin/ros2_ws/build/aruco_marker_models_1/ament_cmake_core/package.cmake)
[0.184s]   returned error code 1
[0.184s] Call Stack (most recent call first):
[0.184s]   /opt/ros/humble/share/ament_cmake_core/cmake/core/ament_package_xml.cmake:49 (_ament_package_xml)
[0.184s]   /opt/ros/humble/share/ament_cmake_core/cmake/core/ament_package.cmake:63 (ament_package_xml)
[0.184s]   CMakeLists.txt:13 (ament_package)
[0.184s] 
[0.184s] [0m
[0.184s] -- Configuring incomplete, errors occurred!
[0.184s] See also "/home/admin/ros2_ws/build/aruco_marker_models_1/CMakeFiles/CMakeOutput.log".
[0.187s] gmake: *** [Makefile:138: cmake_check_build_system] Error 1
[0.188s] Invoked command in '/home/admin/ros2_ws/build/aruco_marker_models_1' returned '2': /usr/bin/cmake --build /home/admin/ros2_ws/build/aruco_marker_models_1 -- -j20 -l20
