[0.000000] (-) TimerEvent: {}
[0.000146] (-) JobUnselected: {'identifier': 'rbvogui_cartographer'}
[0.000178] (-) JobUnselected: {'identifier': 'robotnik_battery_msgs'}
[0.000317] (-) JobUnselected: {'identifier': 'robotnik_common'}
[0.000334] (-) JobUnselected: {'identifier': 'robotnik_common_msgs'}
[0.000343] (-) JobUnselected: {'identifier': 'robotnik_controllers_msgs'}
[0.000349] (-) JobUnselected: {'identifier': 'robotnik_description'}
[0.000356] (-) JobUnselected: {'identifier': 'robotnik_gazebo_classic'}
[0.000362] (-) JobUnselected: {'identifier': 'robotnik_gazebo_ignition'}
[0.000369] (-) JobUnselected: {'identifier': 'robotnik_interfaces'}
[0.000375] (-) JobUnselected: {'identifier': 'robotnik_io_msgs'}
[0.000382] (-) JobUnselected: {'identifier': 'robotnik_navigation_msgs'}
[0.000389] (-) JobUnselected: {'identifier': 'robotnik_perception_msgs'}
[0.000395] (-) JobUnselected: {'identifier': 'robotnik_safety_msgs'}
[0.000403] (-) JobUnselected: {'identifier': 'robotnik_sensors'}
[0.000410] (-) JobUnselected: {'identifier': 'robotnik_supervisor_msgs'}
[0.000419] (aruco_marker_models_1) JobQueued: {'identifier': 'aruco_marker_models_1', 'dependencies': OrderedDict()}
[0.000430] (aruco_marker_models_1) JobStarted: {'identifier': 'aruco_marker_models_1'}
[0.005534] (aruco_marker_models_1) JobProgress: {'identifier': 'aruco_marker_models_1', 'progress': 'cmake'}
[0.005917] (aruco_marker_models_1) JobProgress: {'identifier': 'aruco_marker_models_1', 'progress': 'build'}
[0.006464] (aruco_marker_models_1) Command: {'cmd': ['/usr/bin/cmake', '--build', '/home/admin/ros2_ws/build/aruco_marker_models_1', '--', '-j20', '-l20'], 'cwd': '/home/admin/ros2_ws/build/aruco_marker_models_1', 'env': OrderedDict([('GJS_DEBUG_TOPICS', 'JS ERROR;JS LOG'), ('LESSOPEN', '| /usr/bin/lesspipe %s'), ('LANGUAGE', 'en_GB:en'), ('USER', 'admin'), ('XDG_SESSION_TYPE', 'x11'), ('GIT_ASKPASS', '/usr/share/code/resources/app/extensions/git/dist/askpass.sh'), ('SHLVL', '1'), ('LD_LIBRARY_PATH', '/home/admin/ros2_ws/install/robotnik_supervisor_msgs/lib:/home/admin/ros2_ws/install/robotnik_perception_msgs/lib:/home/admin/ros2_ws/install/robotnik_navigation_msgs/lib:/home/admin/ros2_ws/install/robotnik_io_msgs/lib:/home/admin/ros2_ws/install/robotnik_controllers_msgs/lib:/home/admin/ros2_ws/install/robotnik_common_msgs/lib:/home/admin/ros2_ws/install/robotnik_battery_msgs/lib:/usr/lib/x86_64-linux-gnu/gazebo-11/plugins:/opt/ros/humble/opt/rviz_ogre_vendor/lib:/opt/ros/humble/lib/x86_64-linux-gnu:/opt/ros/humble/lib'), ('HOME', '/home/admin'), ('CHROME_DESKTOP', 'code.desktop'), ('OLDPWD', '/home/admin/ros2_ws'), ('TERM_PROGRAM_VERSION', '1.101.2'), ('DESKTOP_SESSION', 'ubuntu'), ('GIO_LAUNCHED_DESKTOP_FILE', '/usr/share/applications/code.desktop'), ('ROS_PYTHON_VERSION', '3'), ('GNOME_SHELL_SESSION_MODE', 'ubuntu'), ('GTK_MODULES', 'gail:atk-bridge'), ('VSCODE_GIT_ASKPASS_MAIN', '/usr/share/code/resources/app/extensions/git/dist/askpass-main.js'), ('VSCODE_GIT_ASKPASS_NODE', '/usr/share/code/code'), ('MANAGERPID', '3469'), ('PYDEVD_DISABLE_FILE_VALIDATION', '1'), ('SYSTEMD_EXEC_PID', '3806'), ('BUNDLED_DEBUGPY_PATH', '/home/admin/.vscode/extensions/ms-python.debugpy-2025.8.0-linux-x64/bundled/libs/debugpy'), ('DBUS_SESSION_BUS_ADDRESS', 'unix:path=/run/user/1001/bus'), ('COLORTERM', 'truecolor'), ('GIO_LAUNCHED_DESKTOP_FILE_PID', '7142'), ('MANDATORY_PATH', '/usr/share/gconf/ubuntu.mandatory.path'), ('IM_CONFIG_PHASE', '1'), ('COLCON_PREFIX_PATH', '/home/admin/ros2_ws/install'), ('ROS_DISTRO', 'humble'), ('GTK_IM_MODULE', 'ibus'), ('LOGNAME', 'admin'), ('JOURNAL_STREAM', '8:25597'), ('_', '/usr/bin/colcon'), ('ROS_VERSION', '2'), ('XDG_SESSION_CLASS', 'user'), ('DEFAULTS_PATH', '/usr/share/gconf/ubuntu.default.path'), ('USERNAME', 'admin'), ('TERM', 'xterm-256color'), ('GNOME_DESKTOP_SESSION_ID', 'this-is-deprecated'), ('ROS_LOCALHOST_ONLY', '0'), ('WINDOWPATH', '2'), ('PATH', '/opt/ros/humble/bin:/usr/local/sbin:/usr/local/bin:/usr/sbin:/usr/bin:/sbin:/bin:/usr/games:/usr/local/games:/snap/bin:/snap/bin:/home/admin/.vscode/extensions/ms-python.debugpy-2025.8.0-linux-x64/bundled/scripts/noConfigScripts:/home/admin/.config/Code/User/globalStorage/github.copilot-chat/debugCommand'), ('SESSION_MANAGER', 'local/alex-linux:@/tmp/.ICE-unix/3777,unix/alex-linux:/tmp/.ICE-unix/3777'), ('INVOCATION_ID', '4600c1714ca34022af59b6727d82bf65'), ('ROBOT_MODEL', 'rbvogui'), ('XDG_MENU_PREFIX', 'gnome-'), ('XDG_RUNTIME_DIR', '/run/user/1001'), ('GDK_BACKEND', 'x11'), ('DISPLAY', ':0'), ('VSCODE_DEBUGPY_ADAPTER_ENDPOINTS', '/home/admin/.vscode/extensions/ms-python.debugpy-2025.8.0-linux-x64/.noConfigDebugAdapterEndpoints/endpoint-2d7125ec586edebc.txt'), ('LANG', 'en_US.UTF-8'), ('XDG_CURRENT_DESKTOP', 'Unity'), ('XMODIFIERS', '@im=ibus'), ('XDG_SESSION_DESKTOP', 'ubuntu'), ('XAUTHORITY', '/run/user/1001/gdm/Xauthority'), ('LS_COLORS', 'rs=0:di=01;34:ln=01;36:mh=00:pi=40;33:so=01;35:do=01;35:bd=40;33;01:cd=40;33;01:or=40;31;01:mi=00:su=37;41:sg=30;43:ca=30;41:tw=30;42:ow=34;42:st=37;44:ex=01;32:*.tar=01;31:*.tgz=01;31:*.arc=01;31:*.arj=01;31:*.taz=01;31:*.lha=01;31:*.lz4=01;31:*.lzh=01;31:*.lzma=01;31:*.tlz=01;31:*.txz=01;31:*.tzo=01;31:*.t7z=01;31:*.zip=01;31:*.z=01;31:*.dz=01;31:*.gz=01;31:*.lrz=01;31:*.lz=01;31:*.lzo=01;31:*.xz=01;31:*.zst=01;31:*.tzst=01;31:*.bz2=01;31:*.bz=01;31:*.tbz=01;31:*.tbz2=01;31:*.tz=01;31:*.deb=01;31:*.rpm=01;31:*.jar=01;31:*.war=01;31:*.ear=01;31:*.sar=01;31:*.rar=01;31:*.alz=01;31:*.ace=01;31:*.zoo=01;31:*.cpio=01;31:*.7z=01;31:*.rz=01;31:*.cab=01;31:*.wim=01;31:*.swm=01;31:*.dwm=01;31:*.esd=01;31:*.jpg=01;35:*.jpeg=01;35:*.mjpg=01;35:*.mjpeg=01;35:*.gif=01;35:*.bmp=01;35:*.pbm=01;35:*.pgm=01;35:*.ppm=01;35:*.tga=01;35:*.xbm=01;35:*.xpm=01;35:*.tif=01;35:*.tiff=01;35:*.png=01;35:*.svg=01;35:*.svgz=01;35:*.mng=01;35:*.pcx=01;35:*.mov=01;35:*.mpg=01;35:*.mpeg=01;35:*.m2v=01;35:*.mkv=01;35:*.webm=01;35:*.webp=01;35:*.ogm=01;35:*.mp4=01;35:*.m4v=01;35:*.mp4v=01;35:*.vob=01;35:*.qt=01;35:*.nuv=01;35:*.wmv=01;35:*.asf=01;35:*.rm=01;35:*.rmvb=01;35:*.flc=01;35:*.avi=01;35:*.fli=01;35:*.flv=01;35:*.gl=01;35:*.dl=01;35:*.xcf=01;35:*.xwd=01;35:*.yuv=01;35:*.cgm=01;35:*.emf=01;35:*.ogv=01;35:*.ogx=01;35:*.aac=00;36:*.au=00;36:*.flac=00;36:*.m4a=00;36:*.mid=00;36:*.midi=00;36:*.mka=00;36:*.mp3=00;36:*.mpc=00;36:*.ogg=00;36:*.ra=00;36:*.wav=00;36:*.oga=00;36:*.opus=00;36:*.spx=00;36:*.xspf=00;36:'), ('VSCODE_GIT_IPC_HANDLE', '/run/user/1001/vscode-git-2dae966f32.sock'), ('TERM_PROGRAM', 'vscode'), ('SSH_AGENT_LAUNCHER', 'gnome-keyring'), ('SSH_AUTH_SOCK', '/run/user/1001/keyring/ssh'), ('AMENT_PREFIX_PATH', '/home/admin/ros2_ws/install/robotnik_supervisor_msgs:/home/admin/ros2_ws/install/robotnik_gazebo_ignition:/home/admin/ros2_ws/install/robotnik_gazebo_classic:/home/admin/ros2_ws/install/robotnik_description:/home/admin/ros2_ws/install/robotnik_sensors:/home/admin/ros2_ws/install/robotnik_interfaces:/home/admin/ros2_ws/install/robotnik_safety_msgs:/home/admin/ros2_ws/install/robotnik_perception_msgs:/home/admin/ros2_ws/install/robotnik_navigation_msgs:/home/admin/ros2_ws/install/robotnik_io_msgs:/home/admin/ros2_ws/install/robotnik_controllers_msgs:/home/admin/ros2_ws/install/robotnik_common_msgs:/home/admin/ros2_ws/install/robotnik_common:/home/admin/ros2_ws/install/robotnik_battery_msgs:/home/admin/ros2_ws/install/rbvogui_cartographer:/opt/ros/humble'), ('ORIGINAL_XDG_CURRENT_DESKTOP', 'ubuntu:GNOME'), ('SHELL', '/bin/bash'), ('QT_ACCESSIBILITY', '1'), ('GDMSESSION', 'ubuntu'), ('LESSCLOSE', '/usr/bin/lesspipe %s %s'), ('GPG_AGENT_INFO', '/run/user/1001/gnupg/S.gpg-agent:0:1'), ('GJS_DEBUG_OUTPUT', 'stderr'), ('VSCODE_GIT_ASKPASS_EXTRA_ARGS', ''), ('QT_IM_MODULE', 'ibus'), ('PWD', '/home/admin/ros2_ws/build/aruco_marker_models_1'), ('LC_ALL', 'en_US.UTF-8'), ('XDG_CONFIG_DIRS', '/etc/xdg/xdg-ubuntu:/etc/xdg'), ('XDG_DATA_DIRS', '/usr/share/ubuntu:/usr/share/gnome:/usr/local/share/:/usr/share/:/var/lib/snapd/desktop'), ('PYTHONPATH', '/home/admin/ros2_ws/install/robotnik_supervisor_msgs/local/lib/python3.10/dist-packages:/home/admin/ros2_ws/install/robotnik_perception_msgs/local/lib/python3.10/dist-packages:/home/admin/ros2_ws/install/robotnik_navigation_msgs/local/lib/python3.10/dist-packages:/home/admin/ros2_ws/install/robotnik_io_msgs/local/lib/python3.10/dist-packages:/home/admin/ros2_ws/install/robotnik_controllers_msgs/local/lib/python3.10/dist-packages:/home/admin/ros2_ws/install/robotnik_common_msgs/local/lib/python3.10/dist-packages:/home/admin/ros2_ws/install/robotnik_common/local/lib/python3.10/dist-packages:/home/admin/ros2_ws/install/robotnik_battery_msgs/local/lib/python3.10/dist-packages:/home/admin/ros2_ws/build/rbvogui_cartographer:/home/admin/ros2_ws/install/rbvogui_cartographer/lib/python3.10/site-packages:/opt/ros/humble/lib/python3.10/site-packages:/opt/ros/humble/local/lib/python3.10/dist-packages'), ('COLCON', '1'), ('CMAKE_PREFIX_PATH', '/home/admin/ros2_ws/install/robotnik_supervisor_msgs:/home/admin/ros2_ws/install/robotnik_gazebo_ignition:/home/admin/ros2_ws/install/robotnik_gazebo_classic:/home/admin/ros2_ws/install/robotnik_description:/home/admin/ros2_ws/install/robotnik_sensors:/home/admin/ros2_ws/install/robotnik_interfaces:/home/admin/ros2_ws/install/robotnik_perception_msgs:/home/admin/ros2_ws/install/robotnik_navigation_msgs:/home/admin/ros2_ws/install/robotnik_io_msgs:/home/admin/ros2_ws/install/robotnik_controllers_msgs:/home/admin/ros2_ws/install/robotnik_common_msgs:/home/admin/ros2_ws/install/robotnik_common:/home/admin/ros2_ws/install/robotnik_battery_msgs')]), 'shell': False}
[0.024273] (aruco_marker_models_1) StdoutLine: {'line': b'-- Found ament_cmake: 1.3.11 (/opt/ros/humble/share/ament_cmake/cmake)\n'}
[0.097436] (aruco_marker_models_1) StdoutLine: {'line': b'-- Found urdf: 2.6.1 (/opt/ros/humble/share/urdf/cmake)\n'}
[0.099611] (-) TimerEvent: {}
[0.116618] (aruco_marker_models_1) StdoutLine: {'line': b'-- Found xacro: 2.0.13 (/opt/ros/humble/share/xacro/cmake)\n'}
[0.147680] (aruco_marker_models_1) StderrLine: {'line': b"Error parsing '/home/admin/ros2_ws/aruco_marker_models_1/package.xml':\n"}
[0.176350] (aruco_marker_models_1) StderrLine: {'line': b'Traceback (most recent call last):\n'}
[0.176590] (aruco_marker_models_1) StderrLine: {'line': b'  File "/usr/lib/python3/dist-packages/catkin_pkg/package.py", line 610, in parse_package_string\n'}
[0.176647] (aruco_marker_models_1) StderrLine: {'line': b'    root = dom.parseString(data)\n'}
[0.176674] (aruco_marker_models_1) StderrLine: {'line': b'  File "/usr/lib/python3.10/xml/dom/minidom.py", line 2000, in parseString\n'}
[0.176698] (aruco_marker_models_1) StderrLine: {'line': b'    return expatbuilder.parseString(string)\n'}
[0.176722] (aruco_marker_models_1) StderrLine: {'line': b'  File "/usr/lib/python3.10/xml/dom/expatbuilder.py", line 925, in parseString\n'}
[0.176745] (aruco_marker_models_1) StderrLine: {'line': b'    return builder.parseString(string)\n'}
[0.176768] (aruco_marker_models_1) StderrLine: {'line': b'  File "/usr/lib/python3.10/xml/dom/expatbuilder.py", line 223, in parseString\n'}
[0.176789] (aruco_marker_models_1) StderrLine: {'line': b'    parser.Parse(string, True)\n'}
[0.176810] (aruco_marker_models_1) StderrLine: {'line': b'xml.parsers.expat.ExpatError: mismatched tag: line 17, column 2\n'}
[0.176833] (aruco_marker_models_1) StderrLine: {'line': b'\n'}
[0.176855] (aruco_marker_models_1) StderrLine: {'line': b'During handling of the above exception, another exception occurred:\n'}
[0.176876] (aruco_marker_models_1) StderrLine: {'line': b'\n'}
[0.176897] (aruco_marker_models_1) StderrLine: {'line': b'Traceback (most recent call last):\n'}
[0.176918] (aruco_marker_models_1) StderrLine: {'line': b'  File "/opt/ros/humble/share/ament_cmake_core/cmake/core/package_xml_2_cmake.py", line 150, in <module>\n'}
[0.176939] (aruco_marker_models_1) StderrLine: {'line': b'    main()\n'}
[0.176959] (aruco_marker_models_1) StderrLine: {'line': b'  File "/opt/ros/humble/share/ament_cmake_core/cmake/core/package_xml_2_cmake.py", line 53, in main\n'}
[0.176980] (aruco_marker_models_1) StderrLine: {'line': b'    raise e\n'}
[0.177001] (aruco_marker_models_1) StderrLine: {'line': b'  File "/opt/ros/humble/share/ament_cmake_core/cmake/core/package_xml_2_cmake.py", line 49, in main\n'}
[0.177027] (aruco_marker_models_1) StderrLine: {'line': b'    package = parse_package_string(\n'}
[0.177047] (aruco_marker_models_1) StderrLine: {'line': b'  File "/usr/lib/python3/dist-packages/catkin_pkg/package.py", line 612, in parse_package_string\n'}
[0.177067] (aruco_marker_models_1) StderrLine: {'line': b"    raise InvalidPackage('The manifest contains invalid XML:\\n%s' % ex, filename)\n"}
[0.177088] (aruco_marker_models_1) StderrLine: {'line': b"catkin_pkg.package.InvalidPackage: Error(s) in package '/home/admin/ros2_ws/aruco_marker_models_1/package.xml':\n"}
[0.177109] (aruco_marker_models_1) StderrLine: {'line': b'The manifest contains invalid XML:\n'}
[0.177129] (aruco_marker_models_1) StderrLine: {'line': b'mismatched tag: line 17, column 2\n'}
[0.185027] (aruco_marker_models_1) StderrLine: {'line': b'\x1b[31mCMake Error at /opt/ros/humble/share/ament_cmake_core/cmake/core/ament_package_xml.cmake:95 (message):\n'}
[0.185106] (aruco_marker_models_1) StderrLine: {'line': b'  execute_process(/usr/bin/python3\n'}
[0.185135] (aruco_marker_models_1) StderrLine: {'line': b'  /opt/ros/humble/share/ament_cmake_core/cmake/core/package_xml_2_cmake.py\n'}
[0.185161] (aruco_marker_models_1) StderrLine: {'line': b'  /home/admin/ros2_ws/aruco_marker_models_1/package.xml\n'}
[0.185186] (aruco_marker_models_1) StderrLine: {'line': b'  /home/admin/ros2_ws/build/aruco_marker_models_1/ament_cmake_core/package.cmake)\n'}
[0.185209] (aruco_marker_models_1) StderrLine: {'line': b'  returned error code 1\n'}
[0.185233] (aruco_marker_models_1) StderrLine: {'line': b'Call Stack (most recent call first):\n'}
[0.185256] (aruco_marker_models_1) StderrLine: {'line': b'  /opt/ros/humble/share/ament_cmake_core/cmake/core/ament_package_xml.cmake:49 (_ament_package_xml)\n'}
[0.185278] (aruco_marker_models_1) StderrLine: {'line': b'  /opt/ros/humble/share/ament_cmake_core/cmake/core/ament_package.cmake:63 (ament_package_xml)\n'}
[0.185309] (aruco_marker_models_1) StderrLine: {'line': b'  CMakeLists.txt:13 (ament_package)\n'}
[0.185332] (aruco_marker_models_1) StderrLine: {'line': b'\n'}
[0.185356] (aruco_marker_models_1) StderrLine: {'line': b'\x1b[0m\n'}
[0.185408] (aruco_marker_models_1) StdoutLine: {'line': b'-- Configuring incomplete, errors occurred!\n'}
[0.185480] (aruco_marker_models_1) StdoutLine: {'line': b'See also "/home/admin/ros2_ws/build/aruco_marker_models_1/CMakeFiles/CMakeOutput.log".\n'}
[0.187855] (aruco_marker_models_1) StderrLine: {'line': b'gmake: *** [Makefile:138: cmake_check_build_system] Error 1\n'}
[0.189519] (aruco_marker_models_1) CommandEnded: {'returncode': 2}
[0.189733] (aruco_marker_models_1) JobEnded: {'identifier': 'aruco_marker_models_1', 'rc': 2}
[0.199819] (-) EventReactorShutdown: {}
